# JRE version: Java(TM) SE Runtime Environment (8.0_92-b14) (build 1.8.0_92-b14)
# Java VM: Java HotSpot(TM) 64-Bit Server VM (25.92-b14 mixed mode windows-amd64 compressed oops)
Heap:
 PSYoungGen      total 256000K, used 52270K [0x0000000740a00000, 0x0000000751980000, 0x00000007c0000000)
  eden space 243200K, 16% used [0x0000000740a00000,0x000000074308cbd8,0x000000074f780000)
  from space 12800K, 99% used [0x0000000750d00000,0x000000075197eff8,0x0000000751980000)
  to   space 15360K, 0% used [0x000000074fb80000,0x000000074fb80000,0x0000000750a80000)
 ParOldGen       total 190976K, used 14633K [0x0000000641e00000, 0x000000064d880000, 0x0000000740a00000)
  object space 190976K, 7% used [0x0000000641e00000,0x0000000642c4a448,0x000000064d880000)
 Metaspace       used 48985K, capacity 51016K, committed 51200K, reserved 1093632K
  class space    used 6190K, capacity 6576K, committed 6656K, reserved 1048576K
GC Heap History (10 events):
Event: 1.559 GC heap before
{Heap before GC invocations=4 (full 1):
 PSYoungGen      total 114688K, used 98304K [0x0000000740a00000, 0x000000074ea00000, 0x00000007c0000000)
  eden space 98304K, 100% used [0x0000000740a00000,0x0000000746a00000,0x0000000746a00000)
  from space 16384K, 0% used [0x0000000747a00000,0x0000000747a00000,0x0000000748a00000)
  to   space 16384K, 0% used [0x0000000746a00000,0x0000000746a00000,0x0000000747a00000)
 ParOldGen       total 155648K, used 9229K [0x0000000641e00000, 0x000000064b600000, 0x0000000740a00000)
  object space 155648K, 5% used [0x0000000641e00000,0x0000000642703498,0x000000064b600000)
 Metaspace       used 27347K, capacity 28208K, committed 28288K, reserved 1073152K
  class space    used 3469K, capacity 3660K, committed 3712K, reserved 1048576K
Event: 1.565 GC heap after
Heap after GC invocations=4 (full 1):
 PSYoungGen      total 114688K, used 8654K [0x0000000740a00000, 0x000000074b700000, 0x00000007c0000000)
  eden space 98304K, 0% used [0x0000000740a00000,0x0000000740a00000,0x0000000746a00000)
  from space 16384K, 52% used [0x0000000746a00000,0x0000000747273990,0x0000000747a00000)
  to   space 16384K, 0% used [0x000000074a700000,0x000000074a700000,0x000000074b700000)
 ParOldGen       total 155648K, used 9301K [0x0000000641e00000, 0x000000064b600000, 0x0000000740a00000)
  object space 155648K, 5% used [0x0000000641e00000,0x00000006427154a8,0x000000064b600000)
 Metaspace       used 27347K, capacity 28208K, committed 28288K, reserved 1073152K
  class space    used 3469K, capacity 3660K, committed 3712K, reserved 1048576K
}
Event: 2.323 GC heap before
{Heap before GC invocations=5 (full 1):
 PSYoungGen      total 114688K, used 106958K [0x0000000740a00000, 0x000000074b700000, 0x00000007c0000000)
  eden space 98304K, 100% used [0x0000000740a00000,0x0000000746a00000,0x0000000746a00000)
  from space 16384K, 52% used [0x0000000746a00000,0x0000000747273990,0x0000000747a00000)
  to   space 16384K, 0% used [0x000000074a700000,0x000000074a700000,0x000000074b700000)
 ParOldGen       total 155648K, used 9301K [0x0000000641e00000, 0x000000064b600000, 0x0000000740a00000)
  object space 155648K, 5% used [0x0000000641e00000,0x00000006427154a8,0x000000064b600000)
 Metaspace       used 33846K, capacity 35320K, committed 35416K, reserved 1081344K
  class space    used 4301K, capacity 4596K, committed 4608K, reserved 1048576K
Event: 2.330 GC heap after
Heap after GC invocations=5 (full 1):
 PSYoungGen      total 153600K, used 12048K [0x0000000740a00000, 0x000000074b380000, 0x00000007c0000000)
  eden space 140800K, 0% used [0x0000000740a00000,0x0000000740a00000,0x0000000749380000)
  from space 12800K, 94% used [0x000000074a700000,0x000000074b2c4130,0x000000074b380000)
  to   space 16384K, 0% used [0x0000000749380000,0x0000000749380000,0x000000074a380000)
 ParOldGen       total 155648K, used 9309K [0x0000000641e00000, 0x000000064b600000, 0x0000000740a00000)
  object space 155648K, 5% used [0x0000000641e00000,0x00000006427174a8,0x000000064b600000)
 Metaspace       used 33846K, capacity 35320K, committed 35416K, reserved 1081344K
  class space    used 4301K, capacity 4596K, committed 4608K, reserved 1048576K
}
Event: 2.341 GC heap before
{Heap before GC invocations=6 (full 1):
 PSYoungGen      total 153600K, used 17483K [0x0000000740a00000, 0x000000074b380000, 0x00000007c0000000)
  eden space 140800K, 3% used [0x0000000740a00000,0x0000000740f4ed30,0x0000000749380000)
  from space 12800K, 94% used [0x000000074a700000,0x000000074b2c4130,0x000000074b380000)
  to   space 16384K, 0% used [0x0000000749380000,0x0000000749380000,0x000000074a380000)
 ParOldGen       total 155648K, used 9309K [0x0000000641e00000, 0x000000064b600000, 0x0000000740a00000)
  object space 155648K, 5% used [0x0000000641e00000,0x00000006427174a8,0x000000064b600000)
 Metaspace       used 33925K, capacity 35338K, committed 35416K, reserved 1081344K
  class space    used 4316K, capacity 4601K, committed 4608K, reserved 1048576K
Event: 2.346 GC heap after
Heap after GC invocations=6 (full 1):
 PSYoungGen      total 157184K, used 8039K [0x0000000740a00000, 0x0000000751980000, 0x00000007c0000000)
  eden space 140800K, 0% used [0x0000000740a00000,0x0000000740a00000,0x0000000749380000)
  from space 16384K, 49% used [0x0000000749380000,0x0000000749b59c00,0x000000074a380000)
  to   space 12800K, 0% used [0x0000000750d00000,0x0000000750d00000,0x0000000751980000)
 ParOldGen       total 155648K, used 9317K [0x0000000641e00000, 0x000000064b600000, 0x0000000740a00000)
  object space 155648K, 5% used [0x0000000641e00000,0x00000006427194a8,0x000000064b600000)
 Metaspace       used 33925K, capacity 35338K, committed 35416K, reserved 1081344K
  class space    used 4316K, capacity 4601K, committed 4608K, reserved 1048576K
}
Event: 2.346 GC heap before
{Heap before GC invocations=7 (full 2):
 PSYoungGen      total 157184K, used 8039K [0x0000000740a00000, 0x0000000751980000, 0x00000007c0000000)
  eden space 140800K, 0% used [0x0000000740a00000,0x0000000740a00000,0x0000000749380000)
  from space 16384K, 49% used [0x0000000749380000,0x0000000749b59c00,0x000000074a380000)
  to   space 12800K, 0% used [0x0000000750d00000,0x0000000750d00000,0x0000000751980000)
 ParOldGen       total 155648K, used 9317K [0x0000000641e00000, 0x000000064b600000, 0x0000000740a00000)
  object space 155648K, 5% used [0x0000000641e00000,0x00000006427194a8,0x000000064b600000)
 Metaspace       used 33925K, capacity 35338K, committed 35416K, reserved 1081344K
  class space    used 4316K, capacity 4601K, committed 4608K, reserved 1048576K
Event: 2.376 GC heap after
Heap after GC invocations=7 (full 2):
 PSYoungGen      total 157184K, used 0K [0x0000000740a00000, 0x0000000751980000, 0x00000007c0000000)
  eden space 140800K, 0% used [0x0000000740a00000,0x0000000740a00000,0x0000000749380000)
  from space 16384K, 0% used [0x0000000749380000,0x0000000749380000,0x000000074a380000)
  to   space 12800K, 0% used [0x0000000750d00000,0x0000000750d00000,0x0000000751980000)
 ParOldGen       total 190976K, used 12310K [0x0000000641e00000, 0x000000064d880000, 0x0000000740a00000)
  object space 190976K, 6% used [0x0000000641e00000,0x0000000642a05a58,0x000000064d880000)
 Metaspace       used 33925K, capacity 35338K, committed 35416K, reserved 1081344K
  class space    used 4316K, capacity 4601K, committed 4608K, reserved 1048576K
}
Event: 14.596 GC heap before
{Heap before GC invocations=8 (full 2):
 PSYoungGen      total 157184K, used 140800K [0x0000000740a00000, 0x0000000751980000, 0x00000007c0000000)
  eden space 140800K, 100% used [0x0000000740a00000,0x0000000749380000,0x0000000749380000)
  from space 16384K, 0% used [0x0000000749380000,0x0000000749380000,0x000000074a380000)
  to   space 12800K, 0% used [0x0000000750d00000,0x0000000750d00000,0x0000000751980000)
 ParOldGen       total 190976K, used 12310K [0x0000000641e00000, 0x000000064d880000, 0x0000000740a00000)
  object space 190976K, 6% used [0x0000000641e00000,0x0000000642a05a58,0x000000064d880000)
 Metaspace       used 46139K, capacity 48048K, committed 48256K, reserved 1091584K
  class space    used 5861K, capacity 6214K, committed 6272K, reserved 1048576K
Event: 14.605 GC heap after
Heap after GC invocations=8 (full 2):
 PSYoungGen      total 256000K, used 12795K [0x0000000740a00000, 0x0000000751980000, 0x00000007c0000000)
  eden space 243200K, 0% used [0x0000000740a00000,0x0000000740a00000,0x000000074f780000)
  from space 12800K, 99% used [0x0000000750d00000,0x000000075197eff8,0x0000000751980000)
  to   space 15360K, 0% used [0x000000074fb80000,0x000000074fb80000,0x0000000750a80000)
 ParOldGen       total 190976K, used 14633K [0x0000000641e00000, 0x000000064d880000, 0x0000000740a00000)
  object space 190976K, 7% used [0x0000000641e00000,0x0000000642c4a448,0x000000064d880000)
 Metaspace       used 46139K, capacity 48048K, committed 48256K, reserved 1091584K
  class space    used 5861K, capacity 6214K, committed 6272K, reserved 1048576K
}

